Change Component Designator: OldDesignator=U? NewDesignator=U1
Change Component Designator: OldDesignator=U? NewDesignator=U4
Added Component: Designator=AN1(AN9520)
Added Component: Designator=BAT1(HDR1X2)
Added Component: Designator=C1(C-0603)
Added Component: Designator=C2(C-0603)
Added Component: Designator=C3(C-0603)
Added Component: Designator=C4(C-0603)
Added Component: Designator=C5(C-0603)
Added Component: Designator=C6(C-0603)
Added Component: Designator=C7(C-0603)
Added Component: Designator=C8(C-0603)
Added Component: Designator=C9(C-0603)
Added Component: Designator=C10(C-0603)
Added Component: Designator=C11(C-0603)
Added Component: Designator=D1(DIODE-SMA/SMB)
Added Component: Designator=L1(L-SMD-7)
Added Component: Designator=P1(USB_MICRO_M)
Added Component: Designator=P2(HDR1X4)
Added Component: Designator=P3(HDR1X8)
Added Component: Designator=P4(HDR2X3)
Added Component: Designator=R1(R-0603)
Added Component: Designator=R2(AXIAL-0.4)
Added Component: Designator=R3(R-0603)
Added Component: Designator=R4(R-0603)
Added Component: Designator=R5(R-0603)
Added Component: Designator=R6(R-0603)
Added Component: Designator=R7(R-0603)
Added Component: Designator=U2(SOT23-5)
Added Component: Designator=U3(SOT23-5)
Added Component: Designator=U5(SOT23-5)
Added Component: Designator=U6(SOT23-5)
Added Pin To Net: NetName=3.3V_BT Pin=C9-1
Added Pin To Net: NetName=3.3V_BT Pin=C10-1
Added Pin To Net: NetName=3.3V_BT Pin=U5-5
Added Net: Name=3.3V_BT
Added Pin To Net: NetName=3.3V Pin=C6-1
Added Pin To Net: NetName=3.3V Pin=C7-1
Added Pin To Net: NetName=3.3V Pin=U3-5
Added Net: Name=3.3V
Added Pin To Net: NetName=5V Pin=C1-1
Added Pin To Net: NetName=5V Pin=C2-1
Added Pin To Net: NetName=5V Pin=C3-2
Added Pin To Net: NetName=5V Pin=D1-2
Added Pin To Net: NetName=5V Pin=P3-1
Added Pin To Net: NetName=5V Pin=R3-2
Added Pin To Net: NetName=5V Pin=U3-1
Added Pin To Net: NetName=5V Pin=U3-3
Added Pin To Net: NetName=5V Pin=U5-1
Added Net: Name=5V
Added Pin To Net: NetName=BAT3.7V Pin=C4-2
Added Pin To Net: NetName=BAT3.7V Pin=C5-2
Added Pin To Net: NetName=BAT3.7V Pin=L1-1
Added Pin To Net: NetName=BAT3.7V Pin=P4-1
Added Pin To Net: NetName=BAT3.7V Pin=P4-2
Added Pin To Net: NetName=BAT3.7V Pin=R5-2
Added Pin To Net: NetName=BAT3.7V Pin=U2-4
Added Pin To Net: NetName=BAT3.7V Pin=U2-5
Added Net: Name=BAT3.7V
Added Pin To Net: NetName=BAT_CHECK Pin=C8-2
Added Pin To Net: NetName=BAT_CHECK Pin=R5-1
Added Pin To Net: NetName=BAT_CHECK Pin=R6-2
Added Net: Name=BAT_CHECK
Added Pin To Net: NetName=BT_EN Pin=U5-3
Added Net: Name=BT_EN
Added Pin To Net: NetName=CHRG_LED Pin=U6-1
Added Net: Name=CHRG_LED
Added Pin To Net: NetName=GND Pin=BAT1-2
Added Pin To Net: NetName=GND Pin=C1-2
Added Pin To Net: NetName=GND Pin=C2-2
Added Pin To Net: NetName=GND Pin=C4-1
Added Pin To Net: NetName=GND Pin=C5-1
Added Pin To Net: NetName=GND Pin=C6-2
Added Pin To Net: NetName=GND Pin=C7-2
Added Pin To Net: NetName=GND Pin=C8-1
Added Pin To Net: NetName=GND Pin=C9-2
Added Pin To Net: NetName=GND Pin=C10-2
Added Pin To Net: NetName=GND Pin=C11-2
Added Pin To Net: NetName=GND Pin=P1-5
Added Pin To Net: NetName=GND Pin=P3-3
Added Pin To Net: NetName=GND Pin=R4-1
Added Pin To Net: NetName=GND Pin=R6-1
Added Pin To Net: NetName=GND Pin=R7-1
Added Pin To Net: NetName=GND Pin=U2-2
Added Pin To Net: NetName=GND Pin=U3-2
Added Pin To Net: NetName=GND Pin=U5-2
Added Pin To Net: NetName=GND Pin=U6-2
Added Net: Name=GND
Added Pin To Net: NetName=IIC_SCL Pin=P3-4
Added Net: Name=IIC_SCL
Added Pin To Net: NetName=IIC_SDA Pin=P3-5
Added Net: Name=IIC_SDA
Added Pin To Net: NetName=NetBAT1_1 Pin=BAT1-1
Added Pin To Net: NetName=NetBAT1_1 Pin=P4-3
Added Pin To Net: NetName=NetBAT1_1 Pin=P4-4
Added Net: Name=NetBAT1_1
Added Pin To Net: NetName=NetC3_1 Pin=C3-1
Added Pin To Net: NetName=NetC3_1 Pin=R3-1
Added Pin To Net: NetName=NetC3_1 Pin=R4-2
Added Pin To Net: NetName=NetC3_1 Pin=U2-3
Added Net: Name=NetC3_1
Added Pin To Net: NetName=NetD1_1 Pin=D1-1
Added Pin To Net: NetName=NetD1_1 Pin=L1-2
Added Pin To Net: NetName=NetD1_1 Pin=U2-1
Added Net: Name=NetD1_1
Added Pin To Net: NetName=NetP1_2 Pin=P1-2
Added Pin To Net: NetName=NetP1_2 Pin=R1-1
Added Net: Name=NetP1_2
Added Pin To Net: NetName=NetP1_3 Pin=P1-3
Added Pin To Net: NetName=NetP1_3 Pin=R2-1
Added Net: Name=NetP1_3
Added Pin To Net: NetName=NetP4_5 Pin=P4-5
Added Pin To Net: NetName=NetP4_5 Pin=P4-6
Added Pin To Net: NetName=NetP4_5 Pin=U6-3
Added Net: Name=NetP4_5
Added Pin To Net: NetName=NetR7_2 Pin=R7-2
Added Pin To Net: NetName=NetR7_2 Pin=U6-5
Added Net: Name=NetR7_2
Added Pin To Net: NetName=USB_5V Pin=C11-1
Added Pin To Net: NetName=USB_5V Pin=P1-1
Added Pin To Net: NetName=USB_5V Pin=U6-4
Added Net: Name=USB_5V
Added Pin To Net: NetName=USB_D+ Pin=R2-2
Added Net: Name=USB_D+
Added Pin To Net: NetName=USB_D- Pin=R1-2
Added Net: Name=USB_D-
Added Class: Name=communication
Added Class: Name=main
Added Room: Name=communication
Added Room: Name=main
