Added Component: Designator=S2(SW3P)
Added Pin To Net: NetName=3.3V_BT Pin=C10-1
Added Pin To Net: NetName=3.3V_BT Pin=C11-1
Added Pin To Net: NetName=3.3V_BT Pin=R16-2
Added Pin To Net: NetName=3.3V_BT Pin=U1-1
Added Pin To Net: NetName=3.3V_BT Pin=U5-5
Added Net: Name=3.3V_BT
Added Pin To Net: NetName=3.3V Pin=C6-1
Added Pin To Net: NetName=3.3V Pin=C7-1
Added Pin To Net: NetName=3.3V Pin=R9-2
Added Pin To Net: NetName=3.3V Pin=R17-2
Added Pin To Net: NetName=3.3V Pin=U4-5
Added Net: Name=3.3V
Added Pin To Net: NetName=5V Pin=C1-1
Added Pin To Net: NetName=5V Pin=C2-1
Added Pin To Net: NetName=5V Pin=C3-2
Added Pin To Net: NetName=5V Pin=D1-2
Added Pin To Net: NetName=5V Pin=D2-2
Added Pin To Net: NetName=5V Pin=D3-2
Added Pin To Net: NetName=5V Pin=P3-1
Added Pin To Net: NetName=5V Pin=R3-2
Added Pin To Net: NetName=5V Pin=U4-1
Added Pin To Net: NetName=5V Pin=U4-3
Added Pin To Net: NetName=5V Pin=U5-1
Added Net: Name=5V
Added Pin To Net: NetName=BAT3.7V Pin=C4-2
Added Pin To Net: NetName=BAT3.7V Pin=C5-2
Added Pin To Net: NetName=BAT3.7V Pin=L1-1
Added Pin To Net: NetName=BAT3.7V Pin=MotorA-1
Added Pin To Net: NetName=BAT3.7V Pin=MotorB-1
Added Pin To Net: NetName=BAT3.7V Pin=MotorC-1
Added Pin To Net: NetName=BAT3.7V Pin=MotorD-1
Added Pin To Net: NetName=BAT3.7V Pin=R5-2
Added Pin To Net: NetName=BAT3.7V Pin=S2-2
Added Pin To Net: NetName=BAT3.7V Pin=U2-4
Added Pin To Net: NetName=BAT3.7V Pin=U2-5
Added Net: Name=BAT3.7V
Added Pin To Net: NetName=BAT_CHECK Pin=C8-2
Added Pin To Net: NetName=BAT_CHECK Pin=R5-1
Added Pin To Net: NetName=BAT_CHECK Pin=R6-2
Added Net: Name=BAT_CHECK
Added Pin To Net: NetName=BT_EN Pin=U5-3
Added Net: Name=BT_EN
Added Pin To Net: NetName=CHRG_LED Pin=CHRG-2
Added Pin To Net: NetName=CHRG_LED Pin=U6-1
Added Net: Name=CHRG_LED
Added Pin To Net: NetName=GND Pin=BAT1-2
Added Pin To Net: NetName=GND Pin=BT-2
Added Pin To Net: NetName=GND Pin=C1-2
Added Pin To Net: NetName=GND Pin=C2-2
Added Pin To Net: NetName=GND Pin=C4-1
Added Pin To Net: NetName=GND Pin=C5-1
Added Pin To Net: NetName=GND Pin=C6-2
Added Pin To Net: NetName=GND Pin=C7-2
Added Pin To Net: NetName=GND Pin=C8-1
Added Pin To Net: NetName=GND Pin=C9-2
Added Pin To Net: NetName=GND Pin=C10-2
Added Pin To Net: NetName=GND Pin=C11-2
Added Pin To Net: NetName=GND Pin=C12-2
Added Pin To Net: NetName=GND Pin=C13-2
Added Pin To Net: NetName=GND Pin=C14-1
Added Pin To Net: NetName=GND Pin=P1-5
Added Pin To Net: NetName=GND Pin=P3-3
Added Pin To Net: NetName=GND Pin=P4-1
Added Pin To Net: NetName=GND Pin=PWR-2
Added Pin To Net: NetName=GND Pin=Q1-2
Added Pin To Net: NetName=GND Pin=Q2-2
Added Pin To Net: NetName=GND Pin=Q3-2
Added Pin To Net: NetName=GND Pin=Q4-2
Added Pin To Net: NetName=GND Pin=R4-1
Added Pin To Net: NetName=GND Pin=R6-1
Added Pin To Net: NetName=GND Pin=R8-2
Added Pin To Net: NetName=GND Pin=R10-1
Added Pin To Net: NetName=GND Pin=R11-1
Added Pin To Net: NetName=GND Pin=R12-1
Added Pin To Net: NetName=GND Pin=R13-1
Added Pin To Net: NetName=GND Pin=R14-1
Added Pin To Net: NetName=GND Pin=S1-2
Added Pin To Net: NetName=GND Pin=U1-24
Added Pin To Net: NetName=GND Pin=U2-2
Added Pin To Net: NetName=GND Pin=U4-2
Added Pin To Net: NetName=GND Pin=U5-2
Added Pin To Net: NetName=GND Pin=U6-2
Added Net: Name=GND
Added Pin To Net: NetName=IIC_SCL Pin=P3-4
Added Pin To Net: NetName=IIC_SCL Pin=U3-42
Added Net: Name=IIC_SCL
Added Pin To Net: NetName=IIC_SDA Pin=P3-5
Added Pin To Net: NetName=IIC_SDA Pin=U3-43
Added Net: Name=IIC_SDA
Added Pin To Net: NetName=ISP_5V Pin=R8-1
Added Pin To Net: NetName=ISP_5V Pin=U3-44
Added Net: Name=ISP_5V
Added Pin To Net: NetName=NetBAT1_1 Pin=BAT1-1
Added Pin To Net: NetName=NetBAT1_1 Pin=S2-1
Added Net: Name=NetBAT1_1
Added Pin To Net: NetName=NetBT_1 Pin=BT-1
Added Pin To Net: NetName=NetBT_1 Pin=R16-1
Added Net: Name=NetBT_1
Added Pin To Net: NetName=NetC3_1 Pin=C3-1
Added Pin To Net: NetName=NetC3_1 Pin=R3-1
Added Pin To Net: NetName=NetC3_1 Pin=R4-2
Added Pin To Net: NetName=NetC3_1 Pin=U2-3
Added Net: Name=NetC3_1
Added Pin To Net: NetName=NetC9_1 Pin=C9-1
Added Pin To Net: NetName=NetC9_1 Pin=R7-1
Added Pin To Net: NetName=NetC9_1 Pin=U3-5
Added Pin To Net: NetName=NetC9_1 Pin=XTAL1-1
Added Net: Name=NetC9_1
Added Pin To Net: NetName=NetC12_1 Pin=C12-1
Added Pin To Net: NetName=NetC12_1 Pin=R7-2
Added Pin To Net: NetName=NetC12_1 Pin=U3-6
Added Pin To Net: NetName=NetC12_1 Pin=XTAL1-2
Added Net: Name=NetC12_1
Added Pin To Net: NetName=NetCHRG_1 Pin=CHRG-1
Added Pin To Net: NetName=NetCHRG_1 Pin=R15-1
Added Net: Name=NetCHRG_1
Added Pin To Net: NetName=NetD1_1 Pin=D1-1
Added Pin To Net: NetName=NetD1_1 Pin=L1-2
Added Pin To Net: NetName=NetD1_1 Pin=U2-1
Added Net: Name=NetD1_1
Added Pin To Net: NetName=NetMotorA_2 Pin=MotorA-2
Added Pin To Net: NetName=NetMotorA_2 Pin=Q1-3
Added Net: Name=NetMotorA_2
Added Pin To Net: NetName=NetMotorB_2 Pin=MotorB-2
Added Pin To Net: NetName=NetMotorB_2 Pin=Q2-3
Added Net: Name=NetMotorB_2
Added Pin To Net: NetName=NetMotorC_2 Pin=MotorC-2
Added Pin To Net: NetName=NetMotorC_2 Pin=Q3-3
Added Net: Name=NetMotorC_2
Added Pin To Net: NetName=NetMotorD_2 Pin=MotorD-2
Added Pin To Net: NetName=NetMotorD_2 Pin=Q4-3
Added Net: Name=NetMotorD_2
Added Pin To Net: NetName=NetP1_2 Pin=P1-2
Added Pin To Net: NetName=NetP1_2 Pin=R1-1
Added Net: Name=NetP1_2
Added Pin To Net: NetName=NetP1_3 Pin=P1-3
Added Pin To Net: NetName=NetP1_3 Pin=R2-1
Added Net: Name=NetP1_3
Added Pin To Net: NetName=NetPWR_1 Pin=PWR-1
Added Pin To Net: NetName=NetPWR_1 Pin=R9-1
Added Net: Name=NetPWR_1
Added Pin To Net: NetName=NetR14_2 Pin=R14-2
Added Pin To Net: NetName=NetR14_2 Pin=U6-5
Added Net: Name=NetR14_2
Added Pin To Net: NetName=NetS2_3 Pin=S2-3
Added Pin To Net: NetName=NetS2_3 Pin=U6-3
Added Net: Name=NetS2_3
Added Pin To Net: NetName=PWMA Pin=Q1-1
Added Pin To Net: NetName=PWMA Pin=R10-2
Added Net: Name=PWMA
Added Pin To Net: NetName=PWMB Pin=Q2-1
Added Pin To Net: NetName=PWMB Pin=R11-2
Added Net: Name=PWMB
Added Pin To Net: NetName=PWMC Pin=Q3-1
Added Pin To Net: NetName=PWMC Pin=R12-2
Added Net: Name=PWMC
Added Pin To Net: NetName=PWMD Pin=Q4-1
Added Pin To Net: NetName=PWMD Pin=R13-2
Added Net: Name=PWMD
Added Pin To Net: NetName=RESET Pin=C14-2
Added Pin To Net: NetName=RESET Pin=R17-1
Added Pin To Net: NetName=RESET Pin=S1-1
Added Pin To Net: NetName=RESET Pin=U3-7
Added Net: Name=RESET
Added Pin To Net: NetName=SW_5V Pin=D2-1
Added Pin To Net: NetName=SW_5V Pin=P4-4
Added Net: Name=SW_5V
Added Pin To Net: NetName=SWC Pin=P4-3
Added Pin To Net: NetName=SWC Pin=U3-37
Added Net: Name=SWC
Added Pin To Net: NetName=SWD Pin=P4-2
Added Pin To Net: NetName=SWD Pin=U3-34
Added Net: Name=SWD
Added Pin To Net: NetName=UART1_RX Pin=U3-31
Added Net: Name=UART1_RX
Added Pin To Net: NetName=UART1_TX Pin=U3-30
Added Net: Name=UART1_TX
Added Pin To Net: NetName=UART2_RX Pin=U1-19
Added Pin To Net: NetName=UART2_RX Pin=U3-13
Added Net: Name=UART2_RX
Added Pin To Net: NetName=UART2_TX Pin=U1-20
Added Pin To Net: NetName=UART2_TX Pin=U3-12
Added Net: Name=UART2_TX
Added Pin To Net: NetName=USB_5V Pin=C13-1
Added Pin To Net: NetName=USB_5V Pin=D3-1
Added Pin To Net: NetName=USB_5V Pin=P1-1
Added Pin To Net: NetName=USB_5V Pin=R15-2
Added Pin To Net: NetName=USB_5V Pin=U6-4
Added Net: Name=USB_5V
Added Pin To Net: NetName=USB_D+ Pin=R2-2
Added Net: Name=USB_D+
Added Pin To Net: NetName=USB_D- Pin=R1-2
Added Net: Name=USB_D-
Added Member To Class: ClassName=main Member=Component R9 Res2
Added Member To Class: ClassName=main Member=Component S2 SW SPDT
